<?xml version="1.0" encoding="UTF-8"?>
<testsuite name="com.charliehustle.services.AccessServiceTest" tests="2" skipped="0" failures="0" errors="0" timestamp="2023-06-14T19:39:05" hostname="DESKTOP-QU17FRF" time="0.111">
  <properties/>
  <testcase name="testupdateRow" classname="com.charliehustle.services.AccessServiceTest" time="0.105"/>
  <testcase name="testAddRow" classname="com.charliehustle.services.AccessServiceTest" time="0.006"/>
  <system-out><![CDATA[playerName value here
[MockitoHint] AccessServiceTest.testAddRow (see javadoc for MockitoHint):
[MockitoHint] 1. Unused -> at com.charliehustle.services.AccessServiceTest.testAddRow(AccessServiceTest.java:49)

]]></system-out>
  <system-err><![CDATA[]]></system-err>
</testsuite>
