<?xml version="1.0" encoding="UTF-8"?>
<testsuite name="com.charliehustle.misfittoys.NbaWnbaVenueServiceTest" tests="2" skipped="0" failures="0" errors="0" timestamp="2023-06-14T19:39:05" hostname="DESKTOP-QU17FRF" time="0.036">
  <properties/>
  <testcase name="testFindByEspnVenueId" classname="com.charliehustle.misfittoys.NbaWnbaVenueServiceTest" time="0.034"/>
  <testcase name="testSaveVenue" classname="com.charliehustle.misfittoys.NbaWnbaVenueServiceTest" time="0.001"/>
  <system-out><![CDATA[]]></system-out>
  <system-err><![CDATA[]]></system-err>
</testsuite>
