<?xml version="1.0" encoding="UTF-8"?>
<testsuite name="com.charliehustle.controllers.WelcomeControllerTest" tests="1" skipped="0" failures="0" errors="0" timestamp="2023-06-14T19:39:01" hostname="DESKTOP-QU17FRF" time="0.001">
  <properties/>
  <testcase name="testIndex_happyPath" classname="com.charliehustle.controllers.WelcomeControllerTest" time="0.001"/>
  <system-out><![CDATA[]]></system-out>
  <system-err><![CDATA[]]></system-err>
</testsuite>
