<?xml version="1.0" encoding="UTF-8"?>
<testsuite name="com.charliehustle.misfittoys.ConferenceServiceTest" tests="2" skipped="0" failures="0" errors="0" timestamp="2023-06-14T19:39:05" hostname="DESKTOP-QU17FRF" time="0.038">
  <properties/>
  <testcase name="testSaveTest" classname="com.charliehustle.misfittoys.ConferenceServiceTest" time="0.037"/>
  <testcase name="testFindByEspnConferenceId" classname="com.charliehustle.misfittoys.ConferenceServiceTest" time="0.001"/>
  <system-out><![CDATA[]]></system-out>
  <system-err><![CDATA[]]></system-err>
</testsuite>
