<?xml version="1.0" encoding="UTF-8"?>
<testsuite name="com.charliehustle.misfittoys.NbaGameDataServiceTest" tests="2" skipped="0" failures="0" errors="0" timestamp="2023-06-14T19:39:05" hostname="DESKTOP-QU17FRF" time="0.034">
  <properties/>
  <testcase name="testSaveGameDataInfo" classname="com.charliehustle.misfittoys.NbaGameDataServiceTest" time="0.033"/>
  <testcase name="testFindByEspnGameId" classname="com.charliehustle.misfittoys.NbaGameDataServiceTest" time="0.001"/>
  <system-out><![CDATA[]]></system-out>
  <system-err><![CDATA[]]></system-err>
</testsuite>
