<?xml version="1.0" encoding="UTF-8"?>
<testsuite name="com.charliehustle.misfittoys.ConferenceJsonHandlerTest" tests="1" skipped="0" failures="0" errors="0" timestamp="2023-06-14T19:39:05" hostname="DESKTOP-QU17FRF" time="0.247">
  <properties/>
  <testcase name="testProcessConferenceInfo_conferenceFound" classname="com.charliehustle.misfittoys.ConferenceJsonHandlerTest" time="0.247"/>
  <system-out><![CDATA[]]></system-out>
  <system-err><![CDATA[]]></system-err>
</testsuite>
