<?xml version="1.0" encoding="UTF-8"?>
<testsuite name="com.charliehustle.directors.NCBIntegration" tests="1" skipped="1" failures="0" errors="0" timestamp="2023-06-14T19:39:01" hostname="DESKTOP-QU17FRF" time="0.0">
  <properties/>
  <testcase name="ncbIntegrationTest" classname="com.charliehustle.directors.NCBIntegration" time="0.0">
    <skipped/>
  </testcase>
  <system-out><![CDATA[]]></system-out>
  <system-err><![CDATA[]]></system-err>
</testsuite>
