<?xml version="1.0" encoding="UTF-8"?>
<testsuite name="com.charliehustle.validators.DataUpdateRequestValidatorTest" tests="4" skipped="0" failures="0" errors="0" timestamp="2023-06-14T19:39:07" hostname="DESKTOP-QU17FRF" time="0.011">
  <properties/>
  <testcase name="testValidate_OnlyGeneral" classname="com.charliehustle.validators.DataUpdateRequestValidatorTest" time="0.008"/>
  <testcase name="testValidate_GeneralAndYearAndWeek" classname="com.charliehustle.validators.DataUpdateRequestValidatorTest" time="0.002"/>
  <testcase name="testValidate_GeneralAndDate" classname="com.charliehustle.validators.DataUpdateRequestValidatorTest" time="0.0"/>
  <testcase name="testValidate_GeneralAndYear" classname="com.charliehustle.validators.DataUpdateRequestValidatorTest" time="0.0"/>
  <system-out><![CDATA[]]></system-out>
  <system-err><![CDATA[]]></system-err>
</testsuite>
