<?xml version="1.0" encoding="UTF-8"?>
<testsuite name="com.charliehustle.misfittoys.NbaGameDataRetrievalServiceTest" tests="2" skipped="0" failures="0" errors="0" timestamp="2023-06-14T19:39:05" hostname="DESKTOP-QU17FRF" time="0.043">
  <properties/>
  <testcase name="testGetGameDataInfo_happyPath" classname="com.charliehustle.misfittoys.NbaGameDataRetrievalServiceTest" time="0.04"/>
  <testcase name="testGetGameDataInfo_UnirestApiServiceThrowsException_shouldThrowException" classname="com.charliehustle.misfittoys.NbaGameDataRetrievalServiceTest" time="0.003"/>
  <system-out><![CDATA[]]></system-out>
  <system-err><![CDATA[]]></system-err>
</testsuite>
