<?xml version="1.0" encoding="UTF-8"?>
<testsuite name="com.charliehustle.misfittoys.ConferenceJsonHandlerHelperTest" tests="1" skipped="0" failures="0" errors="0" timestamp="2023-06-14T19:39:05" hostname="DESKTOP-QU17FRF" time="0.004">
  <properties/>
  <testcase name="testConferenceObject_HappyPath" classname="com.charliehustle.misfittoys.ConferenceJsonHandlerHelperTest" time="0.004"/>
  <system-out><![CDATA[]]></system-out>
  <system-err><![CDATA[]]></system-err>
</testsuite>
