<?xml version="1.0" encoding="UTF-8"?>
<testsuite name="com.charliehustle.models.ConferenceNbaTeamTest" tests="1" skipped="0" failures="0" errors="0" timestamp="2023-06-14T19:39:05" hostname="DESKTOP-QU17FRF" time="0.0">
  <properties/>
  <testcase name="testSetsGets" classname="com.charliehustle.models.ConferenceNbaTeamTest" time="0.0"/>
  <system-out><![CDATA[]]></system-out>
  <system-err><![CDATA[]]></system-err>
</testsuite>
